<?xml version="1.0" encoding="UTF-8"?>
<!-- Generated by org.testng.reporters.JUnitReportReporter -->
<testsuite skipped="0" hostname="Ahmetcans-Mini" name="orange.qa.hrm.tests.LoginPageTestPF" tests="1" failures="0" timestamp="26 Feb 2021 01:21:04 GMT" time="4.200" errors="0">
  <testcase name="loginTest" time="4.200" classname="orange.qa.hrm.tests.LoginPageTestPF"/>
</testsuite> <!-- orange.qa.hrm.tests.LoginPageTestPF -->
