<?xml version="1.0" encoding="UTF-8"?>
<!-- Generated by org.testng.reporters.JUnitReportReporter -->
<testsuite skipped="0" hostname="Ahmetcans-Mini" name="orange.qa.hrm.tests.AddEmployeePageTest" tests="3" failures="0" timestamp="25 Feb 2021 21:56:33 GMT" time="5.257" errors="0">
  <testcase name="addEmployee" time="2.061" classname="orange.qa.hrm.tests.AddEmployeePageTest"/>
  <testcase name="addEmployee" time="1.659" classname="orange.qa.hrm.tests.AddEmployeePageTest"/>
  <testcase name="addEmployee" time="1.537" classname="orange.qa.hrm.tests.AddEmployeePageTest"/>
</testsuite> <!-- orange.qa.hrm.tests.AddEmployeePageTest -->
