<?xml version="1.0" encoding="UTF-8"?>
<!-- Generated by org.testng.reporters.JUnitReportReporter -->
<testsuite skipped="0" hostname="Ahmetcans-Mini" name="orange.qa.hrm.tests.HomePageTest" tests="3" failures="0" timestamp="02 Mar 2021 22:39:11 GMT" time="11.696" errors="0">
  <testcase name="verifyHomePageTitle" time="3.918" classname="orange.qa.hrm.tests.HomePageTest"/>
  <testcase name="verifyAccountName" time="4.347" classname="orange.qa.hrm.tests.HomePageTest"/>
  <testcase name="verifyHeader" time="3.431" classname="orange.qa.hrm.tests.HomePageTest"/>
</testsuite> <!-- orange.qa.hrm.tests.HomePageTest -->
